ADD                                                                                                                     PAGE 1
                         1     ORG 0000H
0000 020003              2     ljmp start
                         3     start:
0003 7823                4     mov R0,#23H
0005 754054              5     mov 40H,#54H
0008 E540                6     mov A,40H
000A 38                  7     addc A,R0
                         8
000B F542                9     MOV 42H,A
000D 754400             10     MOV 44H,#00H
0010 4002               11     JC L1
0012 5004               12     JNC ASCII
                        13     L1:
0014 7901               14     MOV R1,#01H
0016 8944               15     MOV 44H,R1
                        16
                        17
                        18     ASCII:
0018 540F               19     ANL A,#0FH ;Extracting lower nibble
001A FB                 20     MOV R3,A ;Store the value in a temporary variable
001B 940A               21     SUBB A,#0AH ;Check whether the nibble is digit or alphabet
001D 5006               22     JNC ALPHABET;Jump to routine ALPHABET if it is an alphabet
                        23     NUM:
001F EB                 24     MOV A,R3 ;If it is a digit, move it to accumulator
0020 2430               25     ADD A,#30H ;Add 30H to convert a digit to ASCII
0022 02002B             26     JMP EXITASCII
                        27     ALPHABET:
0025 EB                 28     MOV A,R3 ;If it is an alphabet, move it to accumulator
0026 2437               29     ADD A,#37H ;Add 37H to convert a character to ASCII
0028 02002B             30     JMP EXITASCII
                        31     EXITASCII:
                        32
002B FF                 33     MOV r7,A
                        34
                        35
                        36
002C E542               37     MOV A,42H
002E C4                 38     SWAP A
                        39
                        40
                        41     ASC:
002F 540F               42     ANL A,#0FH ;Extracting lower nibble
0031 FB                 43     MOV R3,A ;Store the value in a temporary variable
0032 940A               44     SUBB A,#0AH ;Check whether the nibble is digit or alphabet
0034 5006               45     JNC ALPHAB;Jump to routine ALPHABET if it is an alphabet
                        46     N:
0036 EB                 47     MOV A,R3 ;If it is a digit, move it to accumulator
0037 2430               48     ADD A,#30H ;Add 30H to convert a digit to ASCII
0039 020042             49     JMP EXITASC
                        50     ALPHAB:
003C EB                 51     MOV A,R3 ;If it is an alphabet, move it to accumulator
003D 2437               52     ADD A,#37H ;Add 37H to convert a character to ASCII
003F 020042             53     JMP EXITASC
                        54     EXITASC:
                        55
0042 FC                 56     MOV r4,A
0043 E544               57     MOV A,44H
                        58     ASCI:
0045 540F               59     ANL A,#0FH ;Extracting lower nibble
0047 FB                 60     MOV R3,A ;Store the value in a temporary variable
0048 940A               61     SUBB A,#0AH ;Check whether the nibble is digit or alphabet
004A 5006               62     JNC ALPHABE;Jump to routine ALPHABET if it is an alphabet
                        63     NU:
004C EB                 64     MOV A,R3 ;If it is a digit, move it to accumulator
004D 2430               65     ADD A,#30H ;Add 30H to convert a digit to ASCII
004F 020058             66     JMP EXITASCI
                        67     ALPHABE:
0052 EB                 68     MOV A,R3 ;If it is an alphabet, move it to accumulator
0053 2437               69     ADD A,#37H ;Add 37H to convert a character to ASCII
0055 020058             70     JMP EXITASCI
                        71     EXITASCI:
                        72
0058 F544               73     MOV 44H,A
                        74     LED:
005A 75A000             75     mov P2,#00h
005D 1189               76     acall delay
005F 1189               77     acall delay
0061 11B2               78     acall lcd_init
0063 1189               79     acall delay
0065 1189               80     acall delay
0067 1189               81     acall delay
0069 74CF               82     mov a,#0CFh
006B 11A3               83     acall lcd_command
006D 1189               84     acall delay
006F E544               85     mov a,44H
0071 1192               86     acall lcd_senddata
0073 7481               87     mov a,#081h
0075 11A3               88     acall lcd_command
0077 1189               89     acall delay
0079 EF                 90     mov a,R7
007A 1192               91     acall lcd_senddata
007C 7480               92     mov a,#080h
007E 11A3               93     acall lcd_command
0080 1189               94     acall delay
0082 EC                 95     mov a,R4
0083 1192               96     acall lcd_senddata
                        97
0085 1189               98     acall delay
0087 80FE               99     here:sjmp here
                       100
                       101     ;delay routine
0089 780A              102     delay: mov r0,#10
008B 79FF              103     loop2: mov r1,#255
008D D9FE              104     loop1: djnz r1,loop1
008F D8FA              105     djnz r0, loop2
0091 22                106     ret
                       107
                       108     ;data sending routine
                       109     lcd_senddata:
                       110
0092 F5A0              111     mov LCD_data, a
0094 D280              112     setb LCD_rs
0096 C282              113     clr LCD_en
0098 D282              114     setb LCD_en
009A 1189              115     acall delay
009C C282              116     clr LCD_en
009E 1189              117     acall delay
00A0 1189              118     acall delay
00A2 22                119     ret
                       120
                       121     ;command sending routing
                       122     lcd_command:
00A3 F5A0              123     mov LCD_data,A
00A5 C280              124     clr LCD_rs
00A7 C281              125     clr LCD_rw
00A9 D282              126     setb LCD_en
00AB 1189              127     acall delay
00AD C282              128     clr LCD_en
00AF 1189              129     acall delay
00B1 22                130     ret
                       131
                       132     ;LCD initialisation routine
                       133     lcd_init:
00B2 7438              134     mov A,#38H
00B4 11A3              135     acall lcd_command
00B6 740C              136     mov A,#0CH
00B8 11A3              137     acall lcd_command
00BA 7401              138     mov A,#01H
00BC 11A3              139     acall lcd_command
00BE 7406              140     mov A,#06H
00C0 11A3              141     acall lcd_command
00C2 22                142     ret
  00A0                 143     LCD_data equ P2
  0080                 144     LCD_rs equ P0.0
  0081                 145     LCD_rw equ P0.1
  0082                 146     LCD_en equ P0.2
****WARNING: Missing `END' directive
ASSEMBLY COMPLETE, NO ERRORS FOUND, 1 WARNING


ERROR SUMMARY:
Line 146, WARNING: Missing `END' directive

SYMBOL TABLE:
??MCU_8051_IDE . . . . . . . . . . .  N  NUMB  8051H  NOT USED
??VERSION. . . . . . . . . . . . . .  N  NUMB  0147H  NOT USED
AC . . . . . . . . . . . . . . . . .  B  ADDR  00D6H  NOT USED
ACC. . . . . . . . . . . . . . . . .  D  ADDR  00E0H  NOT USED
ACSR . . . . . . . . . . . . . . . .  D  ADDR  0097H  NOT USED
ADCF . . . . . . . . . . . . . . . .  D  ADDR  00F6H  NOT USED
ADCLK. . . . . . . . . . . . . . . .  D  ADDR  00F2H  NOT USED
ADCON. . . . . . . . . . . . . . . .  D  ADDR  00F3H  NOT USED
ADDH . . . . . . . . . . . . . . . .  D  ADDR  00F5H  NOT USED
ADDL . . . . . . . . . . . . . . . .  D  ADDR  00F4H  NOT USED
ALPHAB . . . . . . . . . . . . . . .  C  ADDR  003CH
ALPHABE. . . . . . . . . . . . . . .  C  ADDR  0052H
ALPHABET . . . . . . . . . . . . . .  C  ADDR  0025H
ASC. . . . . . . . . . . . . . . . .  C  ADDR  002FH  NOT USED
ASCI . . . . . . . . . . . . . . . .  C  ADDR  0045H  NOT USED
ASCII. . . . . . . . . . . . . . . .  C  ADDR  0018H
AUXR . . . . . . . . . . . . . . . .  D  ADDR  008EH  NOT USED
AUXR1. . . . . . . . . . . . . . . .  D  ADDR  00A2H  NOT USED
B. . . . . . . . . . . . . . . . . .  D  ADDR  00F0H  NOT USED
BDRCON . . . . . . . . . . . . . . .  D  ADDR  009BH  NOT USED
BDRCON_1 . . . . . . . . . . . . . .  D  ADDR  009CH  NOT USED
BRL. . . . . . . . . . . . . . . . .  D  ADDR  009AH  NOT USED
CCAP0H . . . . . . . . . . . . . . .  D  ADDR  00FAH  NOT USED
CCAP0L . . . . . . . . . . . . . . .  D  ADDR  00EAH  NOT USED
CCAP1H . . . . . . . . . . . . . . .  D  ADDR  00FBH  NOT USED
CCAP1L . . . . . . . . . . . . . . .  D  ADDR  00EBH  NOT USED
CCAP2H . . . . . . . . . . . . . . .  D  ADDR  00FCH  NOT USED
CCAP3H . . . . . . . . . . . . . . .  D  ADDR  00FDH  NOT USED
CCAP4H . . . . . . . . . . . . . . .  D  ADDR  00FEH  NOT USED
CCAPL2H. . . . . . . . . . . . . . .  D  ADDR  00FCH  NOT USED
CCAPL2L. . . . . . . . . . . . . . .  D  ADDR  00ECH  NOT USED
CCAPL3H. . . . . . . . . . . . . . .  D  ADDR  00FDH  NOT USED
CCAPL3L. . . . . . . . . . . . . . .  D  ADDR  00EDH  NOT USED
CCAPL4H. . . . . . . . . . . . . . .  D  ADDR  00FEH  NOT USED
CCAPL4L. . . . . . . . . . . . . . .  D  ADDR  00EEH  NOT USED
CCAPM0 . . . . . . . . . . . . . . .  D  ADDR  00DAH  NOT USED
CCAPM1 . . . . . . . . . . . . . . .  D  ADDR  00DBH  NOT USED
CCAPM2 . . . . . . . . . . . . . . .  D  ADDR  00DCH  NOT USED
CCAPM3 . . . . . . . . . . . . . . .  D  ADDR  00DDH  NOT USED
CCAPM4 . . . . . . . . . . . . . . .  D  ADDR  00DEH  NOT USED
CCF0 . . . . . . . . . . . . . . . .  B  ADDR  00D8H  NOT USED
CCF1 . . . . . . . . . . . . . . . .  B  ADDR  00D9H  NOT USED
CCF2 . . . . . . . . . . . . . . . .  B  ADDR  00DAH  NOT USED
CCF3 . . . . . . . . . . . . . . . .  B  ADDR  00DBH  NOT USED
CCF4 . . . . . . . . . . . . . . . .  B  ADDR  00DCH  NOT USED
CCON . . . . . . . . . . . . . . . .  D  ADDR  00D8H  NOT USED
CFINT. . . . . . . . . . . . . . . .  C  ADDR  0033H  NOT USED
CH . . . . . . . . . . . . . . . . .  D  ADDR  00F9H  NOT USED
CKCON. . . . . . . . . . . . . . . .  D  ADDR  008FH  NOT USED
CKCON0 . . . . . . . . . . . . . . .  D  ADDR  008FH  NOT USED
CKRL . . . . . . . . . . . . . . . .  D  ADDR  0097H  NOT USED
CKSEL. . . . . . . . . . . . . . . .  D  ADDR  0085H  NOT USED
CL . . . . . . . . . . . . . . . . .  D  ADDR  00E9H  NOT USED
CLKREG . . . . . . . . . . . . . . .  D  ADDR  008FH  NOT USED
CMOD . . . . . . . . . . . . . . . .  D  ADDR  00D9H  NOT USED
CPRL2. . . . . . . . . . . . . . . .  B  ADDR  00C8H  NOT USED
CR . . . . . . . . . . . . . . . . .  B  ADDR  00DEH  NOT USED
CT2. . . . . . . . . . . . . . . . .  B  ADDR  00C9H  NOT USED
CY . . . . . . . . . . . . . . . . .  B  ADDR  00D7H  NOT USED
DELAY. . . . . . . . . . . . . . . .  C  ADDR  0089H
DP0H . . . . . . . . . . . . . . . .  D  ADDR  0083H  NOT USED
DP0L . . . . . . . . . . . . . . . .  D  ADDR  0082H  NOT USED
DP1H . . . . . . . . . . . . . . . .  D  ADDR  0085H  NOT USED
DP1L . . . . . . . . . . . . . . . .  D  ADDR  0084H  NOT USED
DPH. . . . . . . . . . . . . . . . .  D  ADDR  0083H  NOT USED
DPL. . . . . . . . . . . . . . . . .  D  ADDR  0082H  NOT USED
EA . . . . . . . . . . . . . . . . .  B  ADDR  00AFH  NOT USED
EC . . . . . . . . . . . . . . . . .  B  ADDR  00AEH  NOT USED
EECON. . . . . . . . . . . . . . . .  D  ADDR  0096H  NOT USED
ES . . . . . . . . . . . . . . . . .  B  ADDR  00ACH  NOT USED
ET0. . . . . . . . . . . . . . . . .  B  ADDR  00A9H  NOT USED
ET1. . . . . . . . . . . . . . . . .  B  ADDR  00ABH  NOT USED
ET2. . . . . . . . . . . . . . . . .  B  ADDR  00ADH  NOT USED
EX0. . . . . . . . . . . . . . . . .  B  ADDR  00A8H  NOT USED
EX1. . . . . . . . . . . . . . . . .  B  ADDR  00AAH  NOT USED
EXEN2. . . . . . . . . . . . . . . .  B  ADDR  00CBH  NOT USED
EXF2 . . . . . . . . . . . . . . . .  B  ADDR  00CEH  NOT USED
EXITASC. . . . . . . . . . . . . . .  C  ADDR  0042H
EXITASCI . . . . . . . . . . . . . .  C  ADDR  0058H
EXITASCII. . . . . . . . . . . . . .  C  ADDR  002BH
EXTI0. . . . . . . . . . . . . . . .  C  ADDR  0003H  NOT USED
EXTI1. . . . . . . . . . . . . . . .  C  ADDR  0013H  NOT USED
F0 . . . . . . . . . . . . . . . . .  B  ADDR  00D5H  NOT USED
FE . . . . . . . . . . . . . . . . .  B  ADDR  009FH  NOT USED
HERE . . . . . . . . . . . . . . . .  C  ADDR  0087H
IE . . . . . . . . . . . . . . . . .  D  ADDR  00A8H  NOT USED
IE0. . . . . . . . . . . . . . . . .  B  ADDR  0089H  NOT USED
IE1. . . . . . . . . . . . . . . . .  B  ADDR  008BH  NOT USED
INT0 . . . . . . . . . . . . . . . .  B  ADDR  00B2H  NOT USED
INT1 . . . . . . . . . . . . . . . .  B  ADDR  00B3H  NOT USED
IP . . . . . . . . . . . . . . . . .  D  ADDR  00B8H  NOT USED
IPH. . . . . . . . . . . . . . . . .  D  ADDR  00B7H  NOT USED
IPH0 . . . . . . . . . . . . . . . .  D  ADDR  00B7H  NOT USED
IPH1 . . . . . . . . . . . . . . . .  D  ADDR  00B3H  NOT USED
IPL0 . . . . . . . . . . . . . . . .  D  ADDR  00B8H  NOT USED
IPL1 . . . . . . . . . . . . . . . .  D  ADDR  00B2H  NOT USED
IT0. . . . . . . . . . . . . . . . .  B  ADDR  0088H  NOT USED
IT1. . . . . . . . . . . . . . . . .  B  ADDR  008AH  NOT USED
KBE. . . . . . . . . . . . . . . . .  D  ADDR  009DH  NOT USED
KBF. . . . . . . . . . . . . . . . .  D  ADDR  009EH  NOT USED
KBLS . . . . . . . . . . . . . . . .  D  ADDR  009CH  NOT USED
L1 . . . . . . . . . . . . . . . . .  C  ADDR  0014H
LCD_COMMAND. . . . . . . . . . . . .  C  ADDR  00A3H
LCD_DATA . . . . . . . . . . . . . .  N  NUMB  00A0H
LCD_EN . . . . . . . . . . . . . . .  N  NUMB  0082H
LCD_INIT . . . . . . . . . . . . . .  C  ADDR  00B2H
LCD_RS . . . . . . . . . . . . . . .  N  NUMB  0080H
LCD_RW . . . . . . . . . . . . . . .  N  NUMB  0081H
LCD_SENDDATA . . . . . . . . . . . .  C  ADDR  0092H
LED. . . . . . . . . . . . . . . . .  C  ADDR  005AH  NOT USED
LOOP1. . . . . . . . . . . . . . . .  C  ADDR  008DH
LOOP2. . . . . . . . . . . . . . . .  C  ADDR  008BH
N. . . . . . . . . . . . . . . . . .  C  ADDR  0036H  NOT USED
NU . . . . . . . . . . . . . . . . .  C  ADDR  004CH  NOT USED
NUM. . . . . . . . . . . . . . . . .  C  ADDR  001FH  NOT USED
OSCCON . . . . . . . . . . . . . . .  D  ADDR  0086H  NOT USED
OV . . . . . . . . . . . . . . . . .  B  ADDR  00D2H  NOT USED
P. . . . . . . . . . . . . . . . . .  B  ADDR  00D0H  NOT USED
P0 . . . . . . . . . . . . . . . . .  D  ADDR  0080H  NOT USED
P1 . . . . . . . . . . . . . . . . .  D  ADDR  0090H  NOT USED
P1M1 . . . . . . . . . . . . . . . .  D  ADDR  00D4H  NOT USED
P1M2 . . . . . . . . . . . . . . . .  D  ADDR  00E2H  NOT USED
P2 . . . . . . . . . . . . . . . . .  D  ADDR  00A0H
P3 . . . . . . . . . . . . . . . . .  D  ADDR  00B0H  NOT USED
P3M1 . . . . . . . . . . . . . . . .  D  ADDR  00D5H  NOT USED
P3M2 . . . . . . . . . . . . . . . .  D  ADDR  00E3H  NOT USED
P4 . . . . . . . . . . . . . . . . .  D  ADDR  00C0H  NOT USED
P4M1 . . . . . . . . . . . . . . . .  D  ADDR  00D6H  NOT USED
P4M2 . . . . . . . . . . . . . . . .  D  ADDR  00E4H  NOT USED
P5 . . . . . . . . . . . . . . . . .  D  ADDR  00E8H  NOT USED
PC . . . . . . . . . . . . . . . . .  B  ADDR  00BEH  NOT USED
PCON . . . . . . . . . . . . . . . .  D  ADDR  0087H  NOT USED
PPCL . . . . . . . . . . . . . . . .  B  ADDR  00BEH  NOT USED
PS . . . . . . . . . . . . . . . . .  B  ADDR  00BCH  NOT USED
PSL. . . . . . . . . . . . . . . . .  B  ADDR  00BCH  NOT USED
PSW. . . . . . . . . . . . . . . . .  D  ADDR  00D0H  NOT USED
PT0. . . . . . . . . . . . . . . . .  B  ADDR  00B9H  NOT USED
PT0L . . . . . . . . . . . . . . . .  B  ADDR  00B9H  NOT USED
PT1. . . . . . . . . . . . . . . . .  B  ADDR  00BBH  NOT USED
PT1L . . . . . . . . . . . . . . . .  B  ADDR  00BBH  NOT USED
PT2. . . . . . . . . . . . . . . . .  B  ADDR  00BDH  NOT USED
PT2L . . . . . . . . . . . . . . . .  B  ADDR  00BDH  NOT USED
PX0. . . . . . . . . . . . . . . . .  B  ADDR  00B8H  NOT USED
PX0L . . . . . . . . . . . . . . . .  B  ADDR  00B8H  NOT USED
PX1. . . . . . . . . . . . . . . . .  B  ADDR  00BAH  NOT USED
PX1L . . . . . . . . . . . . . . . .  B  ADDR  00BAH  NOT USED
RB8. . . . . . . . . . . . . . . . .  B  ADDR  009AH  NOT USED
RCAP2H . . . . . . . . . . . . . . .  D  ADDR  00CBH  NOT USED
RCAP2L . . . . . . . . . . . . . . .  D  ADDR  00CAH  NOT USED
RCLK . . . . . . . . . . . . . . . .  B  ADDR  00CDH  NOT USED
RD . . . . . . . . . . . . . . . . .  B  ADDR  00B7H  NOT USED
REN. . . . . . . . . . . . . . . . .  B  ADDR  009CH  NOT USED
RESET. . . . . . . . . . . . . . . .  C  ADDR  0000H  NOT USED
RI . . . . . . . . . . . . . . . . .  B  ADDR  0098H  NOT USED
RS0. . . . . . . . . . . . . . . . .  B  ADDR  00D3H  NOT USED
RS1. . . . . . . . . . . . . . . . .  B  ADDR  00D4H  NOT USED
RXD. . . . . . . . . . . . . . . . .  B  ADDR  00B0H  NOT USED
SADDR. . . . . . . . . . . . . . . .  D  ADDR  00A9H  NOT USED
SADDR_0. . . . . . . . . . . . . . .  D  ADDR  00A9H  NOT USED
SADDR_1. . . . . . . . . . . . . . .  D  ADDR  00AAH  NOT USED
SADEN. . . . . . . . . . . . . . . .  D  ADDR  00B9H  NOT USED
SADEN_0. . . . . . . . . . . . . . .  D  ADDR  00B9H  NOT USED
SADEN_1. . . . . . . . . . . . . . .  D  ADDR  00BAH  NOT USED
SBUF . . . . . . . . . . . . . . . .  D  ADDR  0099H  NOT USED
SCON . . . . . . . . . . . . . . . .  D  ADDR  0098H  NOT USED
SINT . . . . . . . . . . . . . . . .  C  ADDR  0023H  NOT USED
SM0. . . . . . . . . . . . . . . . .  B  ADDR  009FH  NOT USED
SM1. . . . . . . . . . . . . . . . .  B  ADDR  009EH  NOT USED
SM2. . . . . . . . . . . . . . . . .  B  ADDR  009DH  NOT USED
SP . . . . . . . . . . . . . . . . .  D  ADDR  0081H  NOT USED
SPCON. . . . . . . . . . . . . . . .  D  ADDR  00C3H  NOT USED
SPCR . . . . . . . . . . . . . . . .  D  ADDR  00D5H  NOT USED
SPDAT. . . . . . . . . . . . . . . .  D  ADDR  00C5H  NOT USED
SPDR . . . . . . . . . . . . . . . .  D  ADDR  0086H  NOT USED
SPSR . . . . . . . . . . . . . . . .  D  ADDR  00AAH  NOT USED
SPSTA. . . . . . . . . . . . . . . .  D  ADDR  00C4H  NOT USED
START. . . . . . . . . . . . . . . .  C  ADDR  0003H
T0 . . . . . . . . . . . . . . . . .  B  ADDR  00B4H  NOT USED
T1 . . . . . . . . . . . . . . . . .  B  ADDR  00B5H  NOT USED
T2CON. . . . . . . . . . . . . . . .  D  ADDR  00C8H  NOT USED
T2MOD. . . . . . . . . . . . . . . .  D  ADDR  00C9H  NOT USED
TB8. . . . . . . . . . . . . . . . .  B  ADDR  009BH  NOT USED
TCLK . . . . . . . . . . . . . . . .  B  ADDR  00CCH  NOT USED
TCON . . . . . . . . . . . . . . . .  D  ADDR  0088H  NOT USED
TF0. . . . . . . . . . . . . . . . .  B  ADDR  008DH  NOT USED
TF1. . . . . . . . . . . . . . . . .  B  ADDR  008FH  NOT USED
TF2. . . . . . . . . . . . . . . . .  B  ADDR  00CFH  NOT USED
TH0. . . . . . . . . . . . . . . . .  D  ADDR  008CH  NOT USED
TH1. . . . . . . . . . . . . . . . .  D  ADDR  008DH  NOT USED
TH2. . . . . . . . . . . . . . . . .  D  ADDR  00CDH  NOT USED
TI . . . . . . . . . . . . . . . . .  B  ADDR  0099H  NOT USED
TIMER0 . . . . . . . . . . . . . . .  C  ADDR  000BH  NOT USED
TIMER1 . . . . . . . . . . . . . . .  C  ADDR  001BH  NOT USED
TIMER2 . . . . . . . . . . . . . . .  C  ADDR  002BH  NOT USED
TL0. . . . . . . . . . . . . . . . .  D  ADDR  008AH  NOT USED
TL1. . . . . . . . . . . . . . . . .  D  ADDR  008BH  NOT USED
TL2. . . . . . . . . . . . . . . . .  D  ADDR  00CCH  NOT USED
TMOD . . . . . . . . . . . . . . . .  D  ADDR  0089H  NOT USED
TR0. . . . . . . . . . . . . . . . .  B  ADDR  008CH  NOT USED
TR1. . . . . . . . . . . . . . . . .  B  ADDR  008EH  NOT USED
TR2. . . . . . . . . . . . . . . . .  B  ADDR  00CAH  NOT USED
TXD. . . . . . . . . . . . . . . . .  B  ADDR  00B1H  NOT USED
WDTCON . . . . . . . . . . . . . . .  D  ADDR  00A7H  NOT USED
WDTPRG . . . . . . . . . . . . . . .  D  ADDR  00A7H  NOT USED
WDTRST . . . . . . . . . . . . . . .  D  ADDR  00A6H  NOT USED
WR . . . . . . . . . . . . . . . . .  B  ADDR  00B6H  NOT USED