q2                                                                                                                      PAGE 1
  00A0                   1     LCD_data equ P2
  0080                   2     LCD_rs equ p0.0
  0081                   3     LCD_rw equ p0.1
  0082                   4     LCD_en equ p0.2
                         5
                         6     lcd_init:
0615 7438                7     mov A, #38H
0617 D126                8     acall lcd_command
                         9
0619 740C               10     mov A,#0CH
061B D126               11     acall lcd_command
                        12
061D 7401               13     mov A,#01H
061F D126               14     acall lcd_command
                        15
0621 7406               16     mov A,#06H
0623 D126               17     acall lcd_command
0625 22                 18     ret
                        19
                        20
                        21     lcd_command:
0626 F5A0               22     mov LCD_data,A
0628 C280               23     clr LCD_rs
062A C281               24     clr LCD_rw
062C D282               25     setb LCD_en
062E D146               26     acall delay
0630 C282               27     clr LCD_en
0632 D146               28     acall delay
0634 22                 29     ret
                        30
                        31     lcd_senddata:
                        32
                        33
0635 F5A0               34     mov LCD_data,a
0637 D280               35     setb LCD_rs
0639 C281               36     clr LCD_rw
063B D282               37     setb LCD_en
063D D146               38     acall delay
063F C282               39     clr LCD_en
0641 D146               40     acall delay
0643 D146               41     acall delay
0645 22                 42     ret
                        43
0646 780A               44     delay: mov r0, #10
0648 79FF               45     loop2: mov r1,#255
064A D9FE               46     loop1:djnz r1,loop1
064C D8FA               47     djnz r0,loop2
064E 22                 48     ret
****WARNING: No instruction found at address 0x00. Consider usage of appropriate ORG directive to clarify correct code placement.
                        49
                        50     org 500h
                        51
0500 020520             52     ljmp main
                        53
                        54     org 520h
                        55     main:
                        56
0520 75A000             57     mov P2,#00h
0523 D146               58     acall delay
0525 D146               59     acall delay
0527 D115               60     acall lcd_init
0529 D146               61     acall delay
052B D146               62     acall delay
052D D146               63     acall delay
                        64
052F 759000             65     mov p1, #00h
0532 758901             66     mov tmod, #01h
                        67
                        68     ReadNibble:
                        69     loop: ; Routine to read a nibble and confirm from user
0535 C294               70     clr p1.4
0537 C295               71     clr p1.5
0539 C296               72     clr p1.6
053B C297               73     clr p1.7
                        74
                        75     ;configure the port P1.0-P1.3 as input (to configure a port as input, set it) and turn on all 4 leds
053D D290               76     setb p1.0;
053F D291               77     setb p1.1;
0541 D292               78     setb p1.2;
0543 D293               79     setb p1.3;
                        80
0545 B294               81     cpl p1.4
0547 B295               82     cpl p1.5
0549 B296               83     cpl p1.6
054B B297               84     cpl p1.7
                        85     ;wait for 5 sec during which user can give input through switches
054D B1FE               86     acall delay11
054F B1FE               87     acall delay11
0551 B1FE               88     acall delay11
0553 B1FE               89     acall delay11
0555 B1FE               90     acall delay11
                        91     ;turn off all LEDS
0557 C294               92     clr p1.4
0559 C295               93     clr p1.5
055B C296               94     clr p1.6
055D C297               95     clr p1.7
                        96     ;save the read value in a register
055F E590               97     mov a,p1
                        98
0561 23                 99     rl a
0562 23                100     rl a
0563 23                101     rl a
0564 23                102     rl a
0565 F9                103     mov r1,a
                       104     ;wait for one sec
0566 B1FE              105     acall delay11
                       106     ;show the read value on LEDs
0568 8990              107     mov p1,r1
                       108     ;wait for 5 sec (during this time delay, user can put all switches to OFF position to signal that the
056A B1FE              109     acall delay11
056C B1FE              110     acall delay11
056E B1FE              111     acall delay11
0570 B1FE              112     acall delay11
0572 B1FE              113     acall delay11
                       114
                       115
                       116     ;clear leds
0574 C294              117     clr p1.4
0576 C295              118     clr p1.5
0578 C296              119     clr p1.6
057A C297              120     clr p1.7
                       121
057C D290              122     setb p1.0;
057E D291              123     setb p1.1;
0580 D292              124     setb p1.2;
0582 D293              125     setb p1.3;
                       126
0584 B294              127     cpl p1.4
0586 B295              128     cpl p1.5
0588 B296              129     cpl p1.6
058A B297              130     cpl p1.7
                       131
058C B1FE              132     acall delay11
058E B1FE              133     acall delay11
0590 B1FE              134     acall delay11
0592 B1FE              135     acall delay11
0594 B1FE              136     acall delay11
                       137
0596 C294              138     clr p1.4
0598 C295              139     clr p1.5
059A C296              140     clr p1.6
059C C297              141     clr p1.7
                       142
                       143     ;read the input from switches
059E E590              144     mov a,p1
05A0 23                145     rl a
05A1 23                146     rl a
05A2 23                147     rl a
05A3 23                148     rl a
05A4 FA                149     mov r2,a
05A5 B1FE              150     acall delay11
05A7 8A90              151     mov p1,r2
05A9 B1FE              152     acall delay11
05AB B1FE              153     acall delay11
05AD B1FE              154     acall delay11
05AF B1FE              155     acall delay11
05B1 B1FE              156     acall delay11
                       157
05B3 C294              158     clr p1.4
05B5 C295              159     clr p1.5
05B7 C296              160     clr p1.6
05B9 C297              161     clr p1.7
                       162     ;if read value < or > 00h go to loop
                       163     ;;;;;;;;;;;;;;;;;;;;;;
05BB EA                164     mov a,r2
05BC 03                165     rr a
05BD 03                166     rr a
05BE 03                167     rr a
05BF 03                168     rr a
05C0 29                169     add a,r1
05C1 2402              170     add a,#02h
05C3 FD                171     mov r5,a
                       172     ;;extracting lower
05C4 540F              173     ANL a,#0FH
                       174     ;;adding 30h
05C6 2430              175     add a,#30h
05C8 FB                176     mov r3,a
                       177     ;;exracting higher
05C9 ED                178     mov a,r5
05CA 54F0              179     ANL a,#0F0H
                       180     ;;adding 30h
05CC 03                181     rr a
05CD 03                182     rr a
05CE 03                183     rr a
05CF 03                184     rr a
05D0 2430              185     add a,#30h
05D2 FC                186     mov r4,a
                       187
05D3 7E00              188     mov r6,#0h
05D5 403B              189     jc op
                       190
05D7 EE                191     mov a,r6
05D8 2430              192     add a,#30h
05DA FE                193     mov r6,a
                       194     ;;;;;;;;;;;;;;;;;;;
05DB 7482              195     mov a,#082h
05DD D126              196     acall lcd_command
05DF D146              197     acall delay
05E1 EC                198     mov a,r4
05E2 D135              199     acall lcd_senddata
05E4 D146              200     acall delay
                       201
05E6 7483              202     mov a,#083h
05E8 D126              203     acall lcd_command
05EA D146              204     acall delay
05EC EB                205     mov a,r3
05ED D135              206     acall lcd_senddata
05EF D146              207     acall delay
                       208
                       209
05F1 7481              210     mov a,#081h
05F3 D126              211     acall lcd_command
05F5 D146              212     acall delay
05F7 EE                213     mov a,r6
05F8 D135              214     acall lcd_senddata
05FA D146              215     acall delay
                       216     ;otherwise return and store previously read nibble in location 60H (lower 4 bits).
05FC 80FE              217     here: sjmp here
                       218
                       219
                       220
                       221
05FE 7816              222     delay11: mov r0, #16H
0600 758A00            223     mov tl0, #00h
0603 758C00            224     mov th0, #00h
0606 D28C              225     setb tr0
                       226
0608 308DFD            227     timerloop: jnb tf0, timerloop
060B C28D              228     clr tf0
060D D8F9              229     djnz r0, timerloop
060F C28C              230     clr tr0
0611 22                231     ret
                       232
0612 7E01              233     op:mov r6,#01h
0614 22                234     ret
****WARNING: Missing `END' directive
ASSEMBLY COMPLETE, NO ERRORS FOUND, 2 WARNINGS


ERROR SUMMARY:
Line 48, WARNING: No instruction found at address 0x00. Consider usage of appropriate ORG directive to clarify correct code placement.
Line 235, WARNING: Missing `END' directive

SYMBOL TABLE:
??MCU_8051_IDE . . . . . . . . . . .  N  NUMB  8051H  NOT USED
??VERSION. . . . . . . . . . . . . .  N  NUMB  0147H  NOT USED
AC . . . . . . . . . . . . . . . . .  B  ADDR  00D6H  NOT USED
ACC. . . . . . . . . . . . . . . . .  D  ADDR  00E0H  NOT USED
ACSR . . . . . . . . . . . . . . . .  D  ADDR  0097H  NOT USED
ADCF . . . . . . . . . . . . . . . .  D  ADDR  00F6H  NOT USED
ADCLK. . . . . . . . . . . . . . . .  D  ADDR  00F2H  NOT USED
ADCON. . . . . . . . . . . . . . . .  D  ADDR  00F3H  NOT USED
ADDH . . . . . . . . . . . . . . . .  D  ADDR  00F5H  NOT USED
ADDL . . . . . . . . . . . . . . . .  D  ADDR  00F4H  NOT USED
AUXR . . . . . . . . . . . . . . . .  D  ADDR  008EH  NOT USED
AUXR1. . . . . . . . . . . . . . . .  D  ADDR  00A2H  NOT USED
B. . . . . . . . . . . . . . . . . .  D  ADDR  00F0H  NOT USED
BDRCON . . . . . . . . . . . . . . .  D  ADDR  009BH  NOT USED
BDRCON_1 . . . . . . . . . . . . . .  D  ADDR  009CH  NOT USED
BRL. . . . . . . . . . . . . . . . .  D  ADDR  009AH  NOT USED
CCAP0H . . . . . . . . . . . . . . .  D  ADDR  00FAH  NOT USED
CCAP0L . . . . . . . . . . . . . . .  D  ADDR  00EAH  NOT USED
CCAP1H . . . . . . . . . . . . . . .  D  ADDR  00FBH  NOT USED
CCAP1L . . . . . . . . . . . . . . .  D  ADDR  00EBH  NOT USED
CCAP2H . . . . . . . . . . . . . . .  D  ADDR  00FCH  NOT USED
CCAP3H . . . . . . . . . . . . . . .  D  ADDR  00FDH  NOT USED
CCAP4H . . . . . . . . . . . . . . .  D  ADDR  00FEH  NOT USED
CCAPL2H. . . . . . . . . . . . . . .  D  ADDR  00FCH  NOT USED
CCAPL2L. . . . . . . . . . . . . . .  D  ADDR  00ECH  NOT USED
CCAPL3H. . . . . . . . . . . . . . .  D  ADDR  00FDH  NOT USED
CCAPL3L. . . . . . . . . . . . . . .  D  ADDR  00EDH  NOT USED
CCAPL4H. . . . . . . . . . . . . . .  D  ADDR  00FEH  NOT USED
CCAPL4L. . . . . . . . . . . . . . .  D  ADDR  00EEH  NOT USED
CCAPM0 . . . . . . . . . . . . . . .  D  ADDR  00DAH  NOT USED
CCAPM1 . . . . . . . . . . . . . . .  D  ADDR  00DBH  NOT USED
CCAPM2 . . . . . . . . . . . . . . .  D  ADDR  00DCH  NOT USED
CCAPM3 . . . . . . . . . . . . . . .  D  ADDR  00DDH  NOT USED
CCAPM4 . . . . . . . . . . . . . . .  D  ADDR  00DEH  NOT USED
CCF0 . . . . . . . . . . . . . . . .  B  ADDR  00D8H  NOT USED
CCF1 . . . . . . . . . . . . . . . .  B  ADDR  00D9H  NOT USED
CCF2 . . . . . . . . . . . . . . . .  B  ADDR  00DAH  NOT USED
CCF3 . . . . . . . . . . . . . . . .  B  ADDR  00DBH  NOT USED
CCF4 . . . . . . . . . . . . . . . .  B  ADDR  00DCH  NOT USED
CCON . . . . . . . . . . . . . . . .  D  ADDR  00D8H  NOT USED
CFINT. . . . . . . . . . . . . . . .  C  ADDR  0033H  NOT USED
CH . . . . . . . . . . . . . . . . .  D  ADDR  00F9H  NOT USED
CKCON. . . . . . . . . . . . . . . .  D  ADDR  008FH  NOT USED
CKCON0 . . . . . . . . . . . . . . .  D  ADDR  008FH  NOT USED
CKRL . . . . . . . . . . . . . . . .  D  ADDR  0097H  NOT USED
CKSEL. . . . . . . . . . . . . . . .  D  ADDR  0085H  NOT USED
CL . . . . . . . . . . . . . . . . .  D  ADDR  00E9H  NOT USED
CLKREG . . . . . . . . . . . . . . .  D  ADDR  008FH  NOT USED
CMOD . . . . . . . . . . . . . . . .  D  ADDR  00D9H  NOT USED
CPRL2. . . . . . . . . . . . . . . .  B  ADDR  00C8H  NOT USED
CR . . . . . . . . . . . . . . . . .  B  ADDR  00DEH  NOT USED
CT2. . . . . . . . . . . . . . . . .  B  ADDR  00C9H  NOT USED
CY . . . . . . . . . . . . . . . . .  B  ADDR  00D7H  NOT USED
DELAY. . . . . . . . . . . . . . . .  C  ADDR  0646H
DELAY11. . . . . . . . . . . . . . .  C  ADDR  05FEH
DP0H . . . . . . . . . . . . . . . .  D  ADDR  0083H  NOT USED
DP0L . . . . . . . . . . . . . . . .  D  ADDR  0082H  NOT USED
DP1H . . . . . . . . . . . . . . . .  D  ADDR  0085H  NOT USED
DP1L . . . . . . . . . . . . . . . .  D  ADDR  0084H  NOT USED
DPH. . . . . . . . . . . . . . . . .  D  ADDR  0083H  NOT USED
DPL. . . . . . . . . . . . . . . . .  D  ADDR  0082H  NOT USED
EA . . . . . . . . . . . . . . . . .  B  ADDR  00AFH  NOT USED
EC . . . . . . . . . . . . . . . . .  B  ADDR  00AEH  NOT USED
EECON. . . . . . . . . . . . . . . .  D  ADDR  0096H  NOT USED
ES . . . . . . . . . . . . . . . . .  B  ADDR  00ACH  NOT USED
ET0. . . . . . . . . . . . . . . . .  B  ADDR  00A9H  NOT USED
ET1. . . . . . . . . . . . . . . . .  B  ADDR  00ABH  NOT USED
ET2. . . . . . . . . . . . . . . . .  B  ADDR  00ADH  NOT USED
EX0. . . . . . . . . . . . . . . . .  B  ADDR  00A8H  NOT USED
EX1. . . . . . . . . . . . . . . . .  B  ADDR  00AAH  NOT USED
EXEN2. . . . . . . . . . . . . . . .  B  ADDR  00CBH  NOT USED
EXF2 . . . . . . . . . . . . . . . .  B  ADDR  00CEH  NOT USED
EXTI0. . . . . . . . . . . . . . . .  C  ADDR  0003H  NOT USED
EXTI1. . . . . . . . . . . . . . . .  C  ADDR  0013H  NOT USED
F0 . . . . . . . . . . . . . . . . .  B  ADDR  00D5H  NOT USED
FE . . . . . . . . . . . . . . . . .  B  ADDR  009FH  NOT USED
HERE . . . . . . . . . . . . . . . .  C  ADDR  05FCH
IE . . . . . . . . . . . . . . . . .  D  ADDR  00A8H  NOT USED
IE0. . . . . . . . . . . . . . . . .  B  ADDR  0089H  NOT USED
IE1. . . . . . . . . . . . . . . . .  B  ADDR  008BH  NOT USED
INT0 . . . . . . . . . . . . . . . .  B  ADDR  00B2H  NOT USED
INT1 . . . . . . . . . . . . . . . .  B  ADDR  00B3H  NOT USED
IP . . . . . . . . . . . . . . . . .  D  ADDR  00B8H  NOT USED
IPH. . . . . . . . . . . . . . . . .  D  ADDR  00B7H  NOT USED
IPH0 . . . . . . . . . . . . . . . .  D  ADDR  00B7H  NOT USED
IPH1 . . . . . . . . . . . . . . . .  D  ADDR  00B3H  NOT USED
IPL0 . . . . . . . . . . . . . . . .  D  ADDR  00B8H  NOT USED
IPL1 . . . . . . . . . . . . . . . .  D  ADDR  00B2H  NOT USED
IT0. . . . . . . . . . . . . . . . .  B  ADDR  0088H  NOT USED
IT1. . . . . . . . . . . . . . . . .  B  ADDR  008AH  NOT USED
KBE. . . . . . . . . . . . . . . . .  D  ADDR  009DH  NOT USED
KBF. . . . . . . . . . . . . . . . .  D  ADDR  009EH  NOT USED
KBLS . . . . . . . . . . . . . . . .  D  ADDR  009CH  NOT USED
LCD_COMMAND. . . . . . . . . . . . .  C  ADDR  0626H
LCD_DATA . . . . . . . . . . . . . .  N  NUMB  00A0H
LCD_EN . . . . . . . . . . . . . . .  N  NUMB  0082H
LCD_INIT . . . . . . . . . . . . . .  C  ADDR  0615H
LCD_RS . . . . . . . . . . . . . . .  N  NUMB  0080H
LCD_RW . . . . . . . . . . . . . . .  N  NUMB  0081H
LCD_SENDDATA . . . . . . . . . . . .  C  ADDR  0635H
LOOP . . . . . . . . . . . . . . . .  C  ADDR  0535H  NOT USED
LOOP1. . . . . . . . . . . . . . . .  C  ADDR  064AH
LOOP2. . . . . . . . . . . . . . . .  C  ADDR  0648H
MAIN . . . . . . . . . . . . . . . .  C  ADDR  0520H
OP . . . . . . . . . . . . . . . . .  C  ADDR  0612H
OSCCON . . . . . . . . . . . . . . .  D  ADDR  0086H  NOT USED
OV . . . . . . . . . . . . . . . . .  B  ADDR  00D2H  NOT USED
P. . . . . . . . . . . . . . . . . .  B  ADDR  00D0H  NOT USED
P0 . . . . . . . . . . . . . . . . .  D  ADDR  0080H  NOT USED
P1 . . . . . . . . . . . . . . . . .  D  ADDR  0090H
P1M1 . . . . . . . . . . . . . . . .  D  ADDR  00D4H  NOT USED
P1M2 . . . . . . . . . . . . . . . .  D  ADDR  00E2H  NOT USED
P2 . . . . . . . . . . . . . . . . .  D  ADDR  00A0H
P3 . . . . . . . . . . . . . . . . .  D  ADDR  00B0H  NOT USED
P3M1 . . . . . . . . . . . . . . . .  D  ADDR  00D5H  NOT USED
P3M2 . . . . . . . . . . . . . . . .  D  ADDR  00E3H  NOT USED
P4 . . . . . . . . . . . . . . . . .  D  ADDR  00C0H  NOT USED
P4M1 . . . . . . . . . . . . . . . .  D  ADDR  00D6H  NOT USED
P4M2 . . . . . . . . . . . . . . . .  D  ADDR  00E4H  NOT USED
P5 . . . . . . . . . . . . . . . . .  D  ADDR  00E8H  NOT USED
PC . . . . . . . . . . . . . . . . .  B  ADDR  00BEH  NOT USED
PCON . . . . . . . . . . . . . . . .  D  ADDR  0087H  NOT USED
PPCL . . . . . . . . . . . . . . . .  B  ADDR  00BEH  NOT USED
PS . . . . . . . . . . . . . . . . .  B  ADDR  00BCH  NOT USED
PSL. . . . . . . . . . . . . . . . .  B  ADDR  00BCH  NOT USED
PSW. . . . . . . . . . . . . . . . .  D  ADDR  00D0H  NOT USED
PT0. . . . . . . . . . . . . . . . .  B  ADDR  00B9H  NOT USED
PT0L . . . . . . . . . . . . . . . .  B  ADDR  00B9H  NOT USED
PT1. . . . . . . . . . . . . . . . .  B  ADDR  00BBH  NOT USED
PT1L . . . . . . . . . . . . . . . .  B  ADDR  00BBH  NOT USED
PT2. . . . . . . . . . . . . . . . .  B  ADDR  00BDH  NOT USED
PT2L . . . . . . . . . . . . . . . .  B  ADDR  00BDH  NOT USED
PX0. . . . . . . . . . . . . . . . .  B  ADDR  00B8H  NOT USED
PX0L . . . . . . . . . . . . . . . .  B  ADDR  00B8H  NOT USED
PX1. . . . . . . . . . . . . . . . .  B  ADDR  00BAH  NOT USED
PX1L . . . . . . . . . . . . . . . .  B  ADDR  00BAH  NOT USED
RB8. . . . . . . . . . . . . . . . .  B  ADDR  009AH  NOT USED
RCAP2H . . . . . . . . . . . . . . .  D  ADDR  00CBH  NOT USED
RCAP2L . . . . . . . . . . . . . . .  D  ADDR  00CAH  NOT USED
RCLK . . . . . . . . . . . . . . . .  B  ADDR  00CDH  NOT USED
RD . . . . . . . . . . . . . . . . .  B  ADDR  00B7H  NOT USED
READNIBBLE . . . . . . . . . . . . .  C  ADDR  0535H  NOT USED
REN. . . . . . . . . . . . . . . . .  B  ADDR  009CH  NOT USED
RESET. . . . . . . . . . . . . . . .  C  ADDR  0000H  NOT USED
RI . . . . . . . . . . . . . . . . .  B  ADDR  0098H  NOT USED
RS0. . . . . . . . . . . . . . . . .  B  ADDR  00D3H  NOT USED
RS1. . . . . . . . . . . . . . . . .  B  ADDR  00D4H  NOT USED
RXD. . . . . . . . . . . . . . . . .  B  ADDR  00B0H  NOT USED
SADDR. . . . . . . . . . . . . . . .  D  ADDR  00A9H  NOT USED
SADDR_0. . . . . . . . . . . . . . .  D  ADDR  00A9H  NOT USED
SADDR_1. . . . . . . . . . . . . . .  D  ADDR  00AAH  NOT USED
SADEN. . . . . . . . . . . . . . . .  D  ADDR  00B9H  NOT USED
SADEN_0. . . . . . . . . . . . . . .  D  ADDR  00B9H  NOT USED
SADEN_1. . . . . . . . . . . . . . .  D  ADDR  00BAH  NOT USED
SBUF . . . . . . . . . . . . . . . .  D  ADDR  0099H  NOT USED
SCON . . . . . . . . . . . . . . . .  D  ADDR  0098H  NOT USED
SINT . . . . . . . . . . . . . . . .  C  ADDR  0023H  NOT USED
SM0. . . . . . . . . . . . . . . . .  B  ADDR  009FH  NOT USED
SM1. . . . . . . . . . . . . . . . .  B  ADDR  009EH  NOT USED
SM2. . . . . . . . . . . . . . . . .  B  ADDR  009DH  NOT USED
SP . . . . . . . . . . . . . . . . .  D  ADDR  0081H  NOT USED
SPCON. . . . . . . . . . . . . . . .  D  ADDR  00C3H  NOT USED
SPCR . . . . . . . . . . . . . . . .  D  ADDR  00D5H  NOT USED
SPDAT. . . . . . . . . . . . . . . .  D  ADDR  00C5H  NOT USED
SPDR . . . . . . . . . . . . . . . .  D  ADDR  0086H  NOT USED
SPSR . . . . . . . . . . . . . . . .  D  ADDR  00AAH  NOT USED
SPSTA. . . . . . . . . . . . . . . .  D  ADDR  00C4H  NOT USED
T0 . . . . . . . . . . . . . . . . .  B  ADDR  00B4H  NOT USED
T1 . . . . . . . . . . . . . . . . .  B  ADDR  00B5H  NOT USED
T2CON. . . . . . . . . . . . . . . .  D  ADDR  00C8H  NOT USED
T2MOD. . . . . . . . . . . . . . . .  D  ADDR  00C9H  NOT USED
TB8. . . . . . . . . . . . . . . . .  B  ADDR  009BH  NOT USED
TCLK . . . . . . . . . . . . . . . .  B  ADDR  00CCH  NOT USED
TCON . . . . . . . . . . . . . . . .  D  ADDR  0088H  NOT USED
TF0. . . . . . . . . . . . . . . . .  B  ADDR  008DH
TF1. . . . . . . . . . . . . . . . .  B  ADDR  008FH  NOT USED
TF2. . . . . . . . . . . . . . . . .  B  ADDR  00CFH  NOT USED
TH0. . . . . . . . . . . . . . . . .  D  ADDR  008CH
TH1. . . . . . . . . . . . . . . . .  D  ADDR  008DH  NOT USED
TH2. . . . . . . . . . . . . . . . .  D  ADDR  00CDH  NOT USED
TI . . . . . . . . . . . . . . . . .  B  ADDR  0099H  NOT USED
TIMER0 . . . . . . . . . . . . . . .  C  ADDR  000BH  NOT USED
TIMER1 . . . . . . . . . . . . . . .  C  ADDR  001BH  NOT USED
TIMER2 . . . . . . . . . . . . . . .  C  ADDR  002BH  NOT USED
TIMERLOOP. . . . . . . . . . . . . .  C  ADDR  0608H
TL0. . . . . . . . . . . . . . . . .  D  ADDR  008AH
TL1. . . . . . . . . . . . . . . . .  D  ADDR  008BH  NOT USED
TL2. . . . . . . . . . . . . . . . .  D  ADDR  00CCH  NOT USED
TMOD . . . . . . . . . . . . . . . .  D  ADDR  0089H
TR0. . . . . . . . . . . . . . . . .  B  ADDR  008CH
TR1. . . . . . . . . . . . . . . . .  B  ADDR  008EH  NOT USED
TR2. . . . . . . . . . . . . . . . .  B  ADDR  00CAH  NOT USED
TXD. . . . . . . . . . . . . . . . .  B  ADDR  00B1H  NOT USED
WDTCON . . . . . . . . . . . . . . .  D  ADDR  00A7H  NOT USED
WDTPRG . . . . . . . . . . . . . . .  D  ADDR  00A7H  NOT USED
WDTRST . . . . . . . . . . . . . . .  D  ADDR  00A6H  NOT USED
WR . . . . . . . . . . . . . . . . .  B  ADDR  00B6H  NOT USED